::1 - - [Sun, 10 Jul 2016 09:30:57 GMT] "GET /u/3/2016-7-10/123 HTTP/1.1" 200 1978 "http://localhost:3000/?p=2" "Mozilla/5.0 (Macintosh; Intel Mac OS X 10_11_5) AppleWebKit/537.36 (KHTML, like Gecko) Chrome/51.0.2704.103 Safari/537.36"
::1 - - [Sun, 10 Jul 2016 09:30:57 GMT] "GET /stylesheets/style.css HTTP/1.1" 304 - "http://localhost:3000/u/3/2016-7-10/123" "Mozilla/5.0 (Macintosh; Intel Mac OS X 10_11_5) AppleWebKit/537.36 (KHTML, like Gecko) Chrome/51.0.2704.103 Safari/537.36"
::1 - - [Sun, 10 Jul 2016 09:30:59 GMT] "GET /u/ HTTP/1.1" 200 207 "http://localhost:3000/u/3/2016-7-10/123" "Mozilla/5.0 (Macintosh; Intel Mac OS X 10_11_5) AppleWebKit/537.36 (KHTML, like Gecko) Chrome/51.0.2704.103 Safari/537.36"
::1 - - [Sun, 10 Jul 2016 09:31:21 GMT] "GET /remove/3/2016-7-10/123 HTTP/1.1" 302 46 "http://localhost:3000/u/3/2016-7-10/123" "Mozilla/5.0 (Macintosh; Intel Mac OS X 10_11_5) AppleWebKit/537.36 (KHTML, like Gecko) Chrome/51.0.2704.103 Safari/537.36"
::1 - - [Sun, 10 Jul 2016 09:31:21 GMT] "GET / HTTP/1.1" 304 - "http://localhost:3000/u/3/2016-7-10/123" "Mozilla/5.0 (Macintosh; Intel Mac OS X 10_11_5) AppleWebKit/537.36 (KHTML, like Gecko) Chrome/51.0.2704.103 Safari/537.36"
::1 - - [Sun, 10 Jul 2016 09:31:22 GMT] "GET /stylesheets/style.css HTTP/1.1" 304 - "http://localhost:3000/" "Mozilla/5.0 (Macintosh; Intel Mac OS X 10_11_5) AppleWebKit/537.36 (KHTML, like Gecko) Chrome/51.0.2704.103 Safari/537.36"
::1 - - [Sun, 10 Jul 2016 09:31:24 GMT] "GET /u/3/2016-7-10/[%E8%BD%AC%E8%BD%BD]123 HTTP/1.1" 200 1515 "http://localhost:3000/" "Mozilla/5.0 (Macintosh; Intel Mac OS X 10_11_5) AppleWebKit/537.36 (KHTML, like Gecko) Chrome/51.0.2704.103 Safari/537.36"
::1 - - [Sun, 10 Jul 2016 09:31:24 GMT] "GET /stylesheets/style.css HTTP/1.1" 304 - "http://localhost:3000/u/3/2016-7-10/[%E8%BD%AC%E8%BD%BD]123" "Mozilla/5.0 (Macintosh; Intel Mac OS X 10_11_5) AppleWebKit/537.36 (KHTML, like Gecko) Chrome/51.0.2704.103 Safari/537.36"
::1 - - [Sun, 10 Jul 2016 09:31:34 GMT] "GET /logout HTTP/1.1" 302 46 "http://localhost:3000/u/3/2016-7-10/[%E8%BD%AC%E8%BD%BD]123" "Mozilla/5.0 (Macintosh; Intel Mac OS X 10_11_5) AppleWebKit/537.36 (KHTML, like Gecko) Chrome/51.0.2704.103 Safari/537.36"
::1 - - [Sun, 10 Jul 2016 09:31:34 GMT] "GET / HTTP/1.1" 200 5609 "http://localhost:3000/u/3/2016-7-10/[%E8%BD%AC%E8%BD%BD]123" "Mozilla/5.0 (Macintosh; Intel Mac OS X 10_11_5) AppleWebKit/537.36 (KHTML, like Gecko) Chrome/51.0.2704.103 Safari/537.36"
::1 - - [Sun, 10 Jul 2016 09:31:35 GMT] "GET /stylesheets/style.css HTTP/1.1" 304 - "http://localhost:3000/" "Mozilla/5.0 (Macintosh; Intel Mac OS X 10_11_5) AppleWebKit/537.36 (KHTML, like Gecko) Chrome/51.0.2704.103 Safari/537.36"
::1 - - [Sun, 10 Jul 2016 09:31:37 GMT] "GET /login HTTP/1.1" 200 930 "http://localhost:3000/" "Mozilla/5.0 (Macintosh; Intel Mac OS X 10_11_5) AppleWebKit/537.36 (KHTML, like Gecko) Chrome/51.0.2704.103 Safari/537.36"
::1 - - [Sun, 10 Jul 2016 09:31:38 GMT] "GET /stylesheets/style.css HTTP/1.1" 304 - "http://localhost:3000/login" "Mozilla/5.0 (Macintosh; Intel Mac OS X 10_11_5) AppleWebKit/537.36 (KHTML, like Gecko) Chrome/51.0.2704.103 Safari/537.36"
::1 - - [Sun, 10 Jul 2016 09:31:41 GMT] "POST /login HTTP/1.1" 302 46 "http://localhost:3000/login" "Mozilla/5.0 (Macintosh; Intel Mac OS X 10_11_5) AppleWebKit/537.36 (KHTML, like Gecko) Chrome/51.0.2704.103 Safari/537.36"
::1 - - [Sun, 10 Jul 2016 09:31:41 GMT] "GET / HTTP/1.1" 200 5670 "http://localhost:3000/login" "Mozilla/5.0 (Macintosh; Intel Mac OS X 10_11_5) AppleWebKit/537.36 (KHTML, like Gecko) Chrome/51.0.2704.103 Safari/537.36"
::1 - - [Sun, 10 Jul 2016 09:31:41 GMT] "GET /stylesheets/style.css HTTP/1.1" 304 - "http://localhost:3000/" "Mozilla/5.0 (Macintosh; Intel Mac OS X 10_11_5) AppleWebKit/537.36 (KHTML, like Gecko) Chrome/51.0.2704.103 Safari/537.36"
::1 - - [Sun, 10 Jul 2016 09:31:43 GMT] "GET /u/3/2016-7-10/[%E8%BD%AC%E8%BD%BD]123 HTTP/1.1" 200 1533 "http://localhost:3000/" "Mozilla/5.0 (Macintosh; Intel Mac OS X 10_11_5) AppleWebKit/537.36 (KHTML, like Gecko) Chrome/51.0.2704.103 Safari/537.36"
::1 - - [Sun, 10 Jul 2016 09:31:43 GMT] "GET /stylesheets/style.css HTTP/1.1" 304 - "http://localhost:3000/u/3/2016-7-10/[%E8%BD%AC%E8%BD%BD]123" "Mozilla/5.0 (Macintosh; Intel Mac OS X 10_11_5) AppleWebKit/537.36 (KHTML, like Gecko) Chrome/51.0.2704.103 Safari/537.36"
::1 - - [Sun, 10 Jul 2016 09:31:48 GMT] "GET /u/3/2016-7-10/[%E8%BD%AC%E8%BD%BD]123 HTTP/1.1" 200 1533 "http://localhost:3000/" "Mozilla/5.0 (Macintosh; Intel Mac OS X 10_11_5) AppleWebKit/537.36 (KHTML, like Gecko) Chrome/51.0.2704.103 Safari/537.36"
::1 - - [Sun, 10 Jul 2016 09:31:48 GMT] "GET /stylesheets/style.css HTTP/1.1" 304 - "http://localhost:3000/u/3/2016-7-10/[%E8%BD%AC%E8%BD%BD]123" "Mozilla/5.0 (Macintosh; Intel Mac OS X 10_11_5) AppleWebKit/537.36 (KHTML, like Gecko) Chrome/51.0.2704.103 Safari/537.36"
::1 - - [Sun, 10 Jul 2016 09:31:52 GMT] "GET / HTTP/1.1" 200 5643 "http://localhost:3000/login" "Mozilla/5.0 (Macintosh; Intel Mac OS X 10_11_5) AppleWebKit/537.36 (KHTML, like Gecko) Chrome/51.0.2704.103 Safari/537.36"
::1 - - [Sun, 10 Jul 2016 09:31:52 GMT] "GET /stylesheets/style.css HTTP/1.1" 304 - "http://localhost:3000/" "Mozilla/5.0 (Macintosh; Intel Mac OS X 10_11_5) AppleWebKit/537.36 (KHTML, like Gecko) Chrome/51.0.2704.103 Safari/537.36"
::1 - - [Sun, 10 Jul 2016 09:31:55 GMT] "GET /u/3/2016-7-10/[%E8%BD%AC%E8%BD%BD]123 HTTP/1.1" 200 1533 "http://localhost:3000/" "Mozilla/5.0 (Macintosh; Intel Mac OS X 10_11_5) AppleWebKit/537.36 (KHTML, like Gecko) Chrome/51.0.2704.103 Safari/537.36"
::1 - - [Sun, 10 Jul 2016 09:31:56 GMT] "GET /stylesheets/style.css HTTP/1.1" 304 - "http://localhost:3000/u/3/2016-7-10/[%E8%BD%AC%E8%BD%BD]123" "Mozilla/5.0 (Macintosh; Intel Mac OS X 10_11_5) AppleWebKit/537.36 (KHTML, like Gecko) Chrome/51.0.2704.103 Safari/537.36"
::1 - - [Sun, 10 Jul 2016 09:31:59 GMT] "GET / HTTP/1.1" 200 5643 "http://localhost:3000/login" "Mozilla/5.0 (Macintosh; Intel Mac OS X 10_11_5) AppleWebKit/537.36 (KHTML, like Gecko) Chrome/51.0.2704.103 Safari/537.36"
::1 - - [Sun, 10 Jul 2016 09:31:59 GMT] "GET /stylesheets/style.css HTTP/1.1" 304 - "http://localhost:3000/" "Mozilla/5.0 (Macintosh; Intel Mac OS X 10_11_5) AppleWebKit/537.36 (KHTML, like Gecko) Chrome/51.0.2704.103 Safari/537.36"
::1 - - [Sun, 10 Jul 2016 09:32:08 GMT] "GET /u/3/2016-7-10/[%E8%BD%AC%E8%BD%BD]safd HTTP/1.1" 200 1541 "http://localhost:3000/" "Mozilla/5.0 (Macintosh; Intel Mac OS X 10_11_5) AppleWebKit/537.36 (KHTML, like Gecko) Chrome/51.0.2704.103 Safari/537.36"
::1 - - [Sun, 10 Jul 2016 09:32:09 GMT] "GET /stylesheets/style.css HTTP/1.1" 304 - "http://localhost:3000/u/3/2016-7-10/[%E8%BD%AC%E8%BD%BD]safd" "Mozilla/5.0 (Macintosh; Intel Mac OS X 10_11_5) AppleWebKit/537.36 (KHTML, like Gecko) Chrome/51.0.2704.103 Safari/537.36"
::1 - - [Sun, 10 Jul 2016 09:32:14 GMT] "GET / HTTP/1.1" 200 5643 "http://localhost:3000/login" "Mozilla/5.0 (Macintosh; Intel Mac OS X 10_11_5) AppleWebKit/537.36 (KHTML, like Gecko) Chrome/51.0.2704.103 Safari/537.36"
::1 - - [Sun, 10 Jul 2016 09:32:14 GMT] "GET /stylesheets/style.css HTTP/1.1" 304 - "http://localhost:3000/" "Mozilla/5.0 (Macintosh; Intel Mac OS X 10_11_5) AppleWebKit/537.36 (KHTML, like Gecko) Chrome/51.0.2704.103 Safari/537.36"
::1 - - [Sun, 10 Jul 2016 09:32:18 GMT] "GET /u/3/2016-7-10/[%E8%BD%AC%E8%BD%BD]safd HTTP/1.1" 200 1541 "http://localhost:3000/" "Mozilla/5.0 (Macintosh; Intel Mac OS X 10_11_5) AppleWebKit/537.36 (KHTML, like Gecko) Chrome/51.0.2704.103 Safari/537.36"
::1 - - [Sun, 10 Jul 2016 09:32:18 GMT] "GET /stylesheets/style.css HTTP/1.1" 304 - "http://localhost:3000/u/3/2016-7-10/[%E8%BD%AC%E8%BD%BD]safd" "Mozilla/5.0 (Macintosh; Intel Mac OS X 10_11_5) AppleWebKit/537.36 (KHTML, like Gecko) Chrome/51.0.2704.103 Safari/537.36"
::1 - - [Sun, 10 Jul 2016 09:32:41 GMT] "GET /u/2/2016-7-10/safd HTTP/1.1" 200 1853 "http://localhost:3000/" "Mozilla/5.0 (Macintosh; Intel Mac OS X 10_11_5) AppleWebKit/537.36 (KHTML, like Gecko) Chrome/51.0.2704.103 Safari/537.36"
::1 - - [Sun, 10 Jul 2016 09:32:41 GMT] "GET /stylesheets/style.css HTTP/1.1" 304 - "http://localhost:3000/u/2/2016-7-10/safd" "Mozilla/5.0 (Macintosh; Intel Mac OS X 10_11_5) AppleWebKit/537.36 (KHTML, like Gecko) Chrome/51.0.2704.103 Safari/537.36"
::1 - - [Sun, 10 Jul 2016 09:32:45 GMT] "GET / HTTP/1.1" 200 5643 "http://localhost:3000/login" "Mozilla/5.0 (Macintosh; Intel Mac OS X 10_11_5) AppleWebKit/537.36 (KHTML, like Gecko) Chrome/51.0.2704.103 Safari/537.36"
::1 - - [Sun, 10 Jul 2016 09:32:45 GMT] "GET /stylesheets/style.css HTTP/1.1" 304 - "http://localhost:3000/" "Mozilla/5.0 (Macintosh; Intel Mac OS X 10_11_5) AppleWebKit/537.36 (KHTML, like Gecko) Chrome/51.0.2704.103 Safari/537.36"
::1 - - [Sun, 10 Jul 2016 09:33:01 GMT] "GET /u/3/2016-7-10/[%E8%BD%AC%E8%BD%BD]safd HTTP/1.1" 200 1541 "http://localhost:3000/" "Mozilla/5.0 (Macintosh; Intel Mac OS X 10_11_5) AppleWebKit/537.36 (KHTML, like Gecko) Chrome/51.0.2704.103 Safari/537.36"
::1 - - [Sun, 10 Jul 2016 09:33:01 GMT] "GET /stylesheets/style.css HTTP/1.1" 304 - "http://localhost:3000/u/3/2016-7-10/[%E8%BD%AC%E8%BD%BD]safd" "Mozilla/5.0 (Macintosh; Intel Mac OS X 10_11_5) AppleWebKit/537.36 (KHTML, like Gecko) Chrome/51.0.2704.103 Safari/537.36"
::1 - - [Sun, 10 Jul 2016 09:33:05 GMT] "GET /u/3/2016-7-10/[%E8%BD%AC%E8%BD%BD]safd HTTP/1.1" 200 1541 "http://localhost:3000/" "Mozilla/5.0 (Macintosh; Intel Mac OS X 10_11_5) AppleWebKit/537.36 (KHTML, like Gecko) Chrome/51.0.2704.103 Safari/537.36"
::1 - - [Sun, 10 Jul 2016 09:33:05 GMT] "GET /stylesheets/style.css HTTP/1.1" 304 - "http://localhost:3000/u/3/2016-7-10/[%E8%BD%AC%E8%BD%BD]safd" "Mozilla/5.0 (Macintosh; Intel Mac OS X 10_11_5) AppleWebKit/537.36 (KHTML, like Gecko) Chrome/51.0.2704.103 Safari/537.36"
::1 - - [Sun, 10 Jul 2016 09:33:10 GMT] "POST /u/3/2016-7-10/[%E8%BD%AC%E8%BD%BD]safd HTTP/1.1" 302 130 "http://localhost:3000/u/3/2016-7-10/[%E8%BD%AC%E8%BD%BD]safd" "Mozilla/5.0 (Macintosh; Intel Mac OS X 10_11_5) AppleWebKit/537.36 (KHTML, like Gecko) Chrome/51.0.2704.103 Safari/537.36"
::1 - - [Sun, 10 Jul 2016 09:33:10 GMT] "GET /u/3/2016-7-10/%5B%E8%BD%AC%E8%BD%BD%5Dsafd HTTP/1.1" 200 1568 "http://localhost:3000/u/3/2016-7-10/[%E8%BD%AC%E8%BD%BD]safd" "Mozilla/5.0 (Macintosh; Intel Mac OS X 10_11_5) AppleWebKit/537.36 (KHTML, like Gecko) Chrome/51.0.2704.103 Safari/537.36"
::1 - - [Sun, 10 Jul 2016 09:33:10 GMT] "GET /stylesheets/style.css HTTP/1.1" 304 - "http://localhost:3000/u/3/2016-7-10/%5B%E8%BD%AC%E8%BD%BD%5Dsafd" "Mozilla/5.0 (Macintosh; Intel Mac OS X 10_11_5) AppleWebKit/537.36 (KHTML, like Gecko) Chrome/51.0.2704.103 Safari/537.36"
::1 - - [Sun, 10 Jul 2016 09:33:18 GMT] "GET /u/3/2016-7-10/%5B%E8%BD%AC%E8%BD%BD%5Dsafd HTTP/1.1" 200 1541 "http://localhost:3000/u/3/2016-7-10/[%E8%BD%AC%E8%BD%BD]safd" "Mozilla/5.0 (Macintosh; Intel Mac OS X 10_11_5) AppleWebKit/537.36 (KHTML, like Gecko) Chrome/51.0.2704.103 Safari/537.36"
::1 - - [Sun, 10 Jul 2016 09:33:18 GMT] "GET /stylesheets/style.css HTTP/1.1" 304 - "http://localhost:3000/u/3/2016-7-10/%5B%E8%BD%AC%E8%BD%BD%5Dsafd" "Mozilla/5.0 (Macintosh; Intel Mac OS X 10_11_5) AppleWebKit/537.36 (KHTML, like Gecko) Chrome/51.0.2704.103 Safari/537.36"
::1 - - [Sun, 10 Jul 2016 09:33:21 GMT] "GET /u/3/2016-7-10/%5B%E8%BD%AC%E8%BD%BD%5Dsafd HTTP/1.1" 200 1541 "http://localhost:3000/u/3/2016-7-10/[%E8%BD%AC%E8%BD%BD]safd" "Mozilla/5.0 (Macintosh; Intel Mac OS X 10_11_5) AppleWebKit/537.36 (KHTML, like Gecko) Chrome/51.0.2704.103 Safari/537.36"
::1 - - [Sun, 10 Jul 2016 09:33:21 GMT] "GET /stylesheets/style.css HTTP/1.1" 304 - "http://localhost:3000/u/3/2016-7-10/%5B%E8%BD%AC%E8%BD%BD%5Dsafd" "Mozilla/5.0 (Macintosh; Intel Mac OS X 10_11_5) AppleWebKit/537.36 (KHTML, like Gecko) Chrome/51.0.2704.103 Safari/537.36"
::1 - - [Sun, 10 Jul 2016 09:33:26 GMT] "POST /u/3/2016-7-10/%5B%E8%BD%AC%E8%BD%BD%5Dsafd HTTP/1.1" 302 130 "http://localhost:3000/u/3/2016-7-10/%5B%E8%BD%AC%E8%BD%BD%5Dsafd" "Mozilla/5.0 (Macintosh; Intel Mac OS X 10_11_5) AppleWebKit/537.36 (KHTML, like Gecko) Chrome/51.0.2704.103 Safari/537.36"
::1 - - [Sun, 10 Jul 2016 09:33:26 GMT] "GET /u/3/2016-7-10/%5B%E8%BD%AC%E8%BD%BD%5Dsafd HTTP/1.1" 200 1568 "http://localhost:3000/u/3/2016-7-10/%5B%E8%BD%AC%E8%BD%BD%5Dsafd" "Mozilla/5.0 (Macintosh; Intel Mac OS X 10_11_5) AppleWebKit/537.36 (KHTML, like Gecko) Chrome/51.0.2704.103 Safari/537.36"
::1 - - [Sun, 10 Jul 2016 09:33:26 GMT] "GET /stylesheets/style.css HTTP/1.1" 304 - "http://localhost:3000/u/3/2016-7-10/%5B%E8%BD%AC%E8%BD%BD%5Dsafd" "Mozilla/5.0 (Macintosh; Intel Mac OS X 10_11_5) AppleWebKit/537.36 (KHTML, like Gecko) Chrome/51.0.2704.103 Safari/537.36"
::1 - - [Sun, 10 Jul 2016 09:33:30 GMT] "GET /u/3/2016-7-10/%5B%E8%BD%AC%E8%BD%BD%5Dsafd HTTP/1.1" 200 1541 "http://localhost:3000/u/3/2016-7-10/%5B%E8%BD%AC%E8%BD%BD%5Dsafd" "Mozilla/5.0 (Macintosh; Intel Mac OS X 10_11_5) AppleWebKit/537.36 (KHTML, like Gecko) Chrome/51.0.2704.103 Safari/537.36"
::1 - - [Sun, 10 Jul 2016 09:33:30 GMT] "GET /stylesheets/style.css HTTP/1.1" 304 - "http://localhost:3000/u/3/2016-7-10/%5B%E8%BD%AC%E8%BD%BD%5Dsafd" "Mozilla/5.0 (Macintosh; Intel Mac OS X 10_11_5) AppleWebKit/537.36 (KHTML, like Gecko) Chrome/51.0.2704.103 Safari/537.36"
::1 - - [Sun, 10 Jul 2016 09:33:41 GMT] "GET /stylesheets/style.css HTTP/1.1" 304 - "http://localhost:3000/u/3/2016-7-10/%5B%E8%BD%AC%E8%BD%BD%5Dsafd" "Mozilla/5.0 (Macintosh; Intel Mac OS X 10_11_5) AppleWebKit/537.36 (KHTML, like Gecko) Chrome/51.0.2704.103 Safari/537.36"
::1 - - [Sun, 10 Jul 2016 09:34:57 GMT] "POST /u/3/2016-7-10/%5B%E8%BD%AC%E8%BD%BD%5Dsafd HTTP/1.1" 302 130 "http://localhost:3000/u/3/2016-7-10/%5B%E8%BD%AC%E8%BD%BD%5Dsafd" "Mozilla/5.0 (Macintosh; Intel Mac OS X 10_11_5) AppleWebKit/537.36 (KHTML, like Gecko) Chrome/51.0.2704.103 Safari/537.36"
::1 - - [Sun, 10 Jul 2016 09:34:57 GMT] "GET /u/3/2016-7-10/%5B%E8%BD%AC%E8%BD%BD%5Dsafd HTTP/1.1" 200 1569 "http://localhost:3000/u/3/2016-7-10/%5B%E8%BD%AC%E8%BD%BD%5Dsafd" "Mozilla/5.0 (Macintosh; Intel Mac OS X 10_11_5) AppleWebKit/537.36 (KHTML, like Gecko) Chrome/51.0.2704.103 Safari/537.36"
::1 - - [Sun, 10 Jul 2016 09:34:57 GMT] "GET /stylesheets/style.css HTTP/1.1" 304 - "http://localhost:3000/u/3/2016-7-10/%5B%E8%BD%AC%E8%BD%BD%5Dsafd" "Mozilla/5.0 (Macintosh; Intel Mac OS X 10_11_5) AppleWebKit/537.36 (KHTML, like Gecko) Chrome/51.0.2704.103 Safari/537.36"
::1 - - [Sun, 10 Jul 2016 09:35:36 GMT] "POST /u/3/2016-7-10/%5B%E8%BD%AC%E8%BD%BD%5Dsafd HTTP/1.1" 302 130 "http://localhost:3000/u/3/2016-7-10/%5B%E8%BD%AC%E8%BD%BD%5Dsafd" "Mozilla/5.0 (Macintosh; Intel Mac OS X 10_11_5) AppleWebKit/537.36 (KHTML, like Gecko) Chrome/51.0.2704.103 Safari/537.36"
::1 - - [Sun, 10 Jul 2016 09:35:36 GMT] "GET /u/3/2016-7-10/%5B%E8%BD%AC%E8%BD%BD%5Dsafd HTTP/1.1" 200 1569 "http://localhost:3000/u/3/2016-7-10/%5B%E8%BD%AC%E8%BD%BD%5Dsafd" "Mozilla/5.0 (Macintosh; Intel Mac OS X 10_11_5) AppleWebKit/537.36 (KHTML, like Gecko) Chrome/51.0.2704.103 Safari/537.36"
::1 - - [Sun, 10 Jul 2016 09:35:37 GMT] "GET /stylesheets/style.css HTTP/1.1" 304 - "http://localhost:3000/u/3/2016-7-10/%5B%E8%BD%AC%E8%BD%BD%5Dsafd" "Mozilla/5.0 (Macintosh; Intel Mac OS X 10_11_5) AppleWebKit/537.36 (KHTML, like Gecko) Chrome/51.0.2704.103 Safari/537.36"
::1 - - [Sun, 10 Jul 2016 09:36:08 GMT] "POST /u/3/2016-7-10/%5B%E8%BD%AC%E8%BD%BD%5Dsafd HTTP/1.1" 302 130 "http://localhost:3000/u/3/2016-7-10/%5B%E8%BD%AC%E8%BD%BD%5Dsafd" "Mozilla/5.0 (Macintosh; Intel Mac OS X 10_11_5) AppleWebKit/537.36 (KHTML, like Gecko) Chrome/51.0.2704.103 Safari/537.36"
::1 - - [Sun, 10 Jul 2016 09:36:48 GMT] "GET /u/3/2016-7-10/%5B%E8%BD%AC%E8%BD%BD%5Dsafd HTTP/1.1" 200 1816 "-" "Mozilla/5.0 (Macintosh; Intel Mac OS X 10_11_5) AppleWebKit/537.36 (KHTML, like Gecko) Chrome/51.0.2704.103 Safari/537.36"
::1 - - [Sun, 10 Jul 2016 09:36:48 GMT] "GET /stylesheets/style.css HTTP/1.1" 304 - "http://localhost:3000/u/3/2016-7-10/%5B%E8%BD%AC%E8%BD%BD%5Dsafd" "Mozilla/5.0 (Macintosh; Intel Mac OS X 10_11_5) AppleWebKit/537.36 (KHTML, like Gecko) Chrome/51.0.2704.103 Safari/537.36"
::1 - - [Sun, 10 Jul 2016 09:36:57 GMT] "GET / HTTP/1.1" 200 5644 "http://localhost:3000/u/3/2016-7-10/%5B%E8%BD%AC%E8%BD%BD%5Dsafd" "Mozilla/5.0 (Macintosh; Intel Mac OS X 10_11_5) AppleWebKit/537.36 (KHTML, like Gecko) Chrome/51.0.2704.103 Safari/537.36"
::1 - - [Sun, 10 Jul 2016 09:36:58 GMT] "GET /stylesheets/style.css HTTP/1.1" 304 - "http://localhost:3000/" "Mozilla/5.0 (Macintosh; Intel Mac OS X 10_11_5) AppleWebKit/537.36 (KHTML, like Gecko) Chrome/51.0.2704.103 Safari/537.36"
::1 - - [Sun, 10 Jul 2016 09:38:27 GMT] "GET / HTTP/1.1" 304 - "http://localhost:3000/u/3/2016-7-10/%5B%E8%BD%AC%E8%BD%BD%5Dsafd" "Mozilla/5.0 (Macintosh; Intel Mac OS X 10_11_5) AppleWebKit/537.36 (KHTML, like Gecko) Chrome/51.0.2704.103 Safari/537.36"
::1 - - [Sun, 10 Jul 2016 09:38:27 GMT] "GET /stylesheets/style.css HTTP/1.1" 304 - "http://localhost:3000/" "Mozilla/5.0 (Macintosh; Intel Mac OS X 10_11_5) AppleWebKit/537.36 (KHTML, like Gecko) Chrome/51.0.2704.103 Safari/537.36"
::1 - - [Sun, 10 Jul 2016 09:39:09 GMT] "GET / HTTP/1.1" 200 11433 "http://localhost:3000/u/3/2016-7-10/%5B%E8%BD%AC%E8%BD%BD%5Dsafd" "Mozilla/5.0 (Macintosh; Intel Mac OS X 10_11_5) AppleWebKit/537.36 (KHTML, like Gecko) Chrome/51.0.2704.103 Safari/537.36"
::1 - - [Sun, 10 Jul 2016 09:39:09 GMT] "GET /stylesheets/style.css HTTP/1.1" 304 - "http://localhost:3000/" "Mozilla/5.0 (Macintosh; Intel Mac OS X 10_11_5) AppleWebKit/537.36 (KHTML, like Gecko) Chrome/51.0.2704.103 Safari/537.36"
::1 - - [Sun, 10 Jul 2016 09:39:51 GMT] "GET /u/3/2016-7-10/[%E8%BD%AC%E8%BD%BD]123 HTTP/1.1" 200 1533 "http://localhost:3000/" "Mozilla/5.0 (Macintosh; Intel Mac OS X 10_11_5) AppleWebKit/537.36 (KHTML, like Gecko) Chrome/51.0.2704.103 Safari/537.36"
::1 - - [Sun, 10 Jul 2016 09:39:51 GMT] "GET /stylesheets/style.css HTTP/1.1" 304 - "http://localhost:3000/u/3/2016-7-10/[%E8%BD%AC%E8%BD%BD]123" "Mozilla/5.0 (Macintosh; Intel Mac OS X 10_11_5) AppleWebKit/537.36 (KHTML, like Gecko) Chrome/51.0.2704.103 Safari/537.36"
::1 - - [Sun, 10 Jul 2016 09:41:26 GMT] "GET / HTTP/1.1" 200 844 "http://localhost:3000/u/3/2016-7-10/%5B%E8%BD%AC%E8%BD%BD%5Dsafd" "Mozilla/5.0 (Macintosh; Intel Mac OS X 10_11_5) AppleWebKit/537.36 (KHTML, like Gecko) Chrome/51.0.2704.103 Safari/537.36"
::1 - - [Sun, 10 Jul 2016 09:41:27 GMT] "GET /stylesheets/style.css HTTP/1.1" 304 - "http://localhost:3000/" "Mozilla/5.0 (Macintosh; Intel Mac OS X 10_11_5) AppleWebKit/537.36 (KHTML, like Gecko) Chrome/51.0.2704.103 Safari/537.36"
::1 - - [Sun, 10 Jul 2016 09:41:30 GMT] "GET /upload HTTP/1.1" 304 - "http://localhost:3000/" "Mozilla/5.0 (Macintosh; Intel Mac OS X 10_11_5) AppleWebKit/537.36 (KHTML, like Gecko) Chrome/51.0.2704.103 Safari/537.36"
::1 - - [Sun, 10 Jul 2016 09:41:30 GMT] "GET /stylesheets/style.css HTTP/1.1" 304 - "http://localhost:3000/upload" "Mozilla/5.0 (Macintosh; Intel Mac OS X 10_11_5) AppleWebKit/537.36 (KHTML, like Gecko) Chrome/51.0.2704.103 Safari/537.36"
::1 - - [Sun, 10 Jul 2016 09:41:32 GMT] "GET /post HTTP/1.1" 200 1142 "http://localhost:3000/" "Mozilla/5.0 (Macintosh; Intel Mac OS X 10_11_5) AppleWebKit/537.36 (KHTML, like Gecko) Chrome/51.0.2704.103 Safari/537.36"
::1 - - [Sun, 10 Jul 2016 09:41:33 GMT] "GET /stylesheets/style.css HTTP/1.1" 304 - "http://localhost:3000/post" "Mozilla/5.0 (Macintosh; Intel Mac OS X 10_11_5) AppleWebKit/537.36 (KHTML, like Gecko) Chrome/51.0.2704.103 Safari/537.36"
::1 - - [Sun, 10 Jul 2016 09:41:37 GMT] "POST /post HTTP/1.1" 302 46 "http://localhost:3000/post" "Mozilla/5.0 (Macintosh; Intel Mac OS X 10_11_5) AppleWebKit/537.36 (KHTML, like Gecko) Chrome/51.0.2704.103 Safari/537.36"
::1 - - [Sun, 10 Jul 2016 09:41:37 GMT] "GET / HTTP/1.1" 200 1246 "http://localhost:3000/post" "Mozilla/5.0 (Macintosh; Intel Mac OS X 10_11_5) AppleWebKit/537.36 (KHTML, like Gecko) Chrome/51.0.2704.103 Safari/537.36"
::1 - - [Sun, 10 Jul 2016 09:41:37 GMT] "GET /stylesheets/style.css HTTP/1.1" 304 - "http://localhost:3000/" "Mozilla/5.0 (Macintosh; Intel Mac OS X 10_11_5) AppleWebKit/537.36 (KHTML, like Gecko) Chrome/51.0.2704.103 Safari/537.36"
::1 - - [Sun, 10 Jul 2016 09:41:39 GMT] "GET /u/1/2016-7-10/1 HTTP/1.1" 200 1480 "http://localhost:3000/" "Mozilla/5.0 (Macintosh; Intel Mac OS X 10_11_5) AppleWebKit/537.36 (KHTML, like Gecko) Chrome/51.0.2704.103 Safari/537.36"
::1 - - [Sun, 10 Jul 2016 09:41:39 GMT] "GET /stylesheets/style.css HTTP/1.1" 304 - "http://localhost:3000/u/1/2016-7-10/1" "Mozilla/5.0 (Macintosh; Intel Mac OS X 10_11_5) AppleWebKit/537.36 (KHTML, like Gecko) Chrome/51.0.2704.103 Safari/537.36"
::1 - - [Sun, 10 Jul 2016 09:41:42 GMT] "GET /u/1 HTTP/1.1" 200 1111 "http://localhost:3000/" "Mozilla/5.0 (Macintosh; Intel Mac OS X 10_11_5) AppleWebKit/537.36 (KHTML, like Gecko) Chrome/51.0.2704.103 Safari/537.36"
::1 - - [Sun, 10 Jul 2016 09:41:43 GMT] "GET /stylesheets/style.css HTTP/1.1" 304 - "http://localhost:3000/u/1" "Mozilla/5.0 (Macintosh; Intel Mac OS X 10_11_5) AppleWebKit/537.36 (KHTML, like Gecko) Chrome/51.0.2704.103 Safari/537.36"
::1 - - [Sun, 10 Jul 2016 09:41:47 GMT] "GET / HTTP/1.1" 200 1219 "http://localhost:3000/post" "Mozilla/5.0 (Macintosh; Intel Mac OS X 10_11_5) AppleWebKit/537.36 (KHTML, like Gecko) Chrome/51.0.2704.103 Safari/537.36"
::1 - - [Sun, 10 Jul 2016 09:41:47 GMT] "GET /stylesheets/style.css HTTP/1.1" 304 - "http://localhost:3000/" "Mozilla/5.0 (Macintosh; Intel Mac OS X 10_11_5) AppleWebKit/537.36 (KHTML, like Gecko) Chrome/51.0.2704.103 Safari/537.36"
::1 - - [Sun, 10 Jul 2016 09:41:50 GMT] "GET /u/1/2016-7-10/1 HTTP/1.1" 200 1480 "http://localhost:3000/" "Mozilla/5.0 (Macintosh; Intel Mac OS X 10_11_5) AppleWebKit/537.36 (KHTML, like Gecko) Chrome/51.0.2704.103 Safari/537.36"
::1 - - [Sun, 10 Jul 2016 09:41:51 GMT] "GET /stylesheets/style.css HTTP/1.1" 304 - "http://localhost:3000/u/1/2016-7-10/1" "Mozilla/5.0 (Macintosh; Intel Mac OS X 10_11_5) AppleWebKit/537.36 (KHTML, like Gecko) Chrome/51.0.2704.103 Safari/537.36"
::1 - - [Sun, 10 Jul 2016 09:41:54 GMT] "GET / HTTP/1.1" 200 1219 "http://localhost:3000/post" "Mozilla/5.0 (Macintosh; Intel Mac OS X 10_11_5) AppleWebKit/537.36 (KHTML, like Gecko) Chrome/51.0.2704.103 Safari/537.36"
::1 - - [Sun, 10 Jul 2016 09:41:55 GMT] "GET /stylesheets/style.css HTTP/1.1" 304 - "http://localhost:3000/" "Mozilla/5.0 (Macintosh; Intel Mac OS X 10_11_5) AppleWebKit/537.36 (KHTML, like Gecko) Chrome/51.0.2704.103 Safari/537.36"
::1 - - [Sun, 10 Jul 2016 09:42:00 GMT] "GET /logout HTTP/1.1" 302 46 "http://localhost:3000/" "Mozilla/5.0 (Macintosh; Intel Mac OS X 10_11_5) AppleWebKit/537.36 (KHTML, like Gecko) Chrome/51.0.2704.103 Safari/537.36"
::1 - - [Sun, 10 Jul 2016 09:42:00 GMT] "GET / HTTP/1.1" 200 1185 "http://localhost:3000/" "Mozilla/5.0 (Macintosh; Intel Mac OS X 10_11_5) AppleWebKit/537.36 (KHTML, like Gecko) Chrome/51.0.2704.103 Safari/537.36"
::1 - - [Sun, 10 Jul 2016 09:42:00 GMT] "GET /stylesheets/style.css HTTP/1.1" 304 - "http://localhost:3000/" "Mozilla/5.0 (Macintosh; Intel Mac OS X 10_11_5) AppleWebKit/537.36 (KHTML, like Gecko) Chrome/51.0.2704.103 Safari/537.36"
::1 - - [Sun, 10 Jul 2016 09:42:03 GMT] "GET /login HTTP/1.1" 200 930 "http://localhost:3000/" "Mozilla/5.0 (Macintosh; Intel Mac OS X 10_11_5) AppleWebKit/537.36 (KHTML, like Gecko) Chrome/51.0.2704.103 Safari/537.36"
::1 - - [Sun, 10 Jul 2016 09:42:03 GMT] "GET /stylesheets/style.css HTTP/1.1" 304 - "http://localhost:3000/login" "Mozilla/5.0 (Macintosh; Intel Mac OS X 10_11_5) AppleWebKit/537.36 (KHTML, like Gecko) Chrome/51.0.2704.103 Safari/537.36"
::1 - - [Sun, 10 Jul 2016 09:42:05 GMT] "POST /login HTTP/1.1" 302 46 "http://localhost:3000/login" "Mozilla/5.0 (Macintosh; Intel Mac OS X 10_11_5) AppleWebKit/537.36 (KHTML, like Gecko) Chrome/51.0.2704.103 Safari/537.36"
::1 - - [Sun, 10 Jul 2016 09:42:05 GMT] "GET / HTTP/1.1" 200 1246 "http://localhost:3000/login" "Mozilla/5.0 (Macintosh; Intel Mac OS X 10_11_5) AppleWebKit/537.36 (KHTML, like Gecko) Chrome/51.0.2704.103 Safari/537.36"
::1 - - [Sun, 10 Jul 2016 09:42:05 GMT] "GET /stylesheets/style.css HTTP/1.1" 304 - "http://localhost:3000/" "Mozilla/5.0 (Macintosh; Intel Mac OS X 10_11_5) AppleWebKit/537.36 (KHTML, like Gecko) Chrome/51.0.2704.103 Safari/537.36"
::1 - - [Sun, 10 Jul 2016 09:42:06 GMT] "GET /u/1/2016-7-10/1 HTTP/1.1" 200 1508 "http://localhost:3000/" "Mozilla/5.0 (Macintosh; Intel Mac OS X 10_11_5) AppleWebKit/537.36 (KHTML, like Gecko) Chrome/51.0.2704.103 Safari/537.36"
::1 - - [Sun, 10 Jul 2016 09:42:07 GMT] "GET /stylesheets/style.css HTTP/1.1" 304 - "http://localhost:3000/u/1/2016-7-10/1" "Mozilla/5.0 (Macintosh; Intel Mac OS X 10_11_5) AppleWebKit/537.36 (KHTML, like Gecko) Chrome/51.0.2704.103 Safari/537.36"
::1 - - [Sun, 10 Jul 2016 09:42:08 GMT] "GET /reprint/1/2016-7-10/1 HTTP/1.1" 302 140 "http://localhost:3000/u/1/2016-7-10/1" "Mozilla/5.0 (Macintosh; Intel Mac OS X 10_11_5) AppleWebKit/537.36 (KHTML, like Gecko) Chrome/51.0.2704.103 Safari/537.36"
::1 - - [Sun, 10 Jul 2016 09:42:26 GMT] "GET / HTTP/1.1" 200 1690 "http://localhost:3000/login" "Mozilla/5.0 (Macintosh; Intel Mac OS X 10_11_5) AppleWebKit/537.36 (KHTML, like Gecko) Chrome/51.0.2704.103 Safari/537.36"
::1 - - [Sun, 10 Jul 2016 09:42:26 GMT] "GET /stylesheets/style.css HTTP/1.1" 304 - "http://localhost:3000/" "Mozilla/5.0 (Macintosh; Intel Mac OS X 10_11_5) AppleWebKit/537.36 (KHTML, like Gecko) Chrome/51.0.2704.103 Safari/537.36"
::1 - - [Sun, 10 Jul 2016 09:42:29 GMT] "GET /u/1/2016-7-10/1 HTTP/1.1" 200 1465 "http://localhost:3000/" "Mozilla/5.0 (Macintosh; Intel Mac OS X 10_11_5) AppleWebKit/537.36 (KHTML, like Gecko) Chrome/51.0.2704.103 Safari/537.36"
::1 - - [Sun, 10 Jul 2016 09:42:29 GMT] "GET /stylesheets/style.css HTTP/1.1" 304 - "http://localhost:3000/u/1/2016-7-10/1" "Mozilla/5.0 (Macintosh; Intel Mac OS X 10_11_5) AppleWebKit/537.36 (KHTML, like Gecko) Chrome/51.0.2704.103 Safari/537.36"
::1 - - [Sun, 10 Jul 2016 09:42:59 GMT] "GET /u/1/2016-7-10/1 HTTP/1.1" 200 1465 "http://localhost:3000/" "Mozilla/5.0 (Macintosh; Intel Mac OS X 10_11_5) AppleWebKit/537.36 (KHTML, like Gecko) Chrome/51.0.2704.103 Safari/537.36"
::1 - - [Sun, 10 Jul 2016 09:42:59 GMT] "GET /stylesheets/style.css HTTP/1.1" 304 - "http://localhost:3000/u/1/2016-7-10/1" "Mozilla/5.0 (Macintosh; Intel Mac OS X 10_11_5) AppleWebKit/537.36 (KHTML, like Gecko) Chrome/51.0.2704.103 Safari/537.36"
::1 - - [Sun, 10 Jul 2016 09:43:02 GMT] "GET / HTTP/1.1" 200 1663 "http://localhost:3000/login" "Mozilla/5.0 (Macintosh; Intel Mac OS X 10_11_5) AppleWebKit/537.36 (KHTML, like Gecko) Chrome/51.0.2704.103 Safari/537.36"
::1 - - [Sun, 10 Jul 2016 09:43:02 GMT] "GET /stylesheets/style.css HTTP/1.1" 304 - "http://localhost:3000/" "Mozilla/5.0 (Macintosh; Intel Mac OS X 10_11_5) AppleWebKit/537.36 (KHTML, like Gecko) Chrome/51.0.2704.103 Safari/537.36"
::1 - - [Sun, 10 Jul 2016 09:43:07 GMT] "GET /tags HTTP/1.1" 200 945 "http://localhost:3000/" "Mozilla/5.0 (Macintosh; Intel Mac OS X 10_11_5) AppleWebKit/537.36 (KHTML, like Gecko) Chrome/51.0.2704.103 Safari/537.36"
::1 - - [Sun, 10 Jul 2016 09:43:07 GMT] "GET /stylesheets/style.css HTTP/1.1" 304 - "http://localhost:3000/tags" "Mozilla/5.0 (Macintosh; Intel Mac OS X 10_11_5) AppleWebKit/537.36 (KHTML, like Gecko) Chrome/51.0.2704.103 Safari/537.36"
::1 - - [Sun, 10 Jul 2016 14:45:41 GMT] "GET /user HTTP/1.1" 304 - "-" "Mozilla/5.0 (Macintosh; Intel Mac OS X 10_11_5) AppleWebKit/537.36 (KHTML, like Gecko) Chrome/51.0.2704.103 Safari/537.36"
::1 - - [Sun, 10 Jul 2016 14:46:04 GMT] "GET /1 HTTP/1.1" 200 207 "-" "Mozilla/5.0 (Macintosh; Intel Mac OS X 10_11_5) AppleWebKit/537.36 (KHTML, like Gecko) Chrome/51.0.2704.103 Safari/537.36"
::1 - - [Sun, 10 Jul 2016 14:46:09 GMT] "GET /1/1 HTTP/1.1" 200 207 "-" "Mozilla/5.0 (Macintosh; Intel Mac OS X 10_11_5) AppleWebKit/537.36 (KHTML, like Gecko) Chrome/51.0.2704.103 Safari/537.36"
::1 - - [Sun, 10 Jul 2016 14:46:15 GMT] "GET / HTTP/1.1" 304 - "-" "Mozilla/5.0 (Macintosh; Intel Mac OS X 10_11_5) AppleWebKit/537.36 (KHTML, like Gecko) Chrome/51.0.2704.103 Safari/537.36"
::1 - - [Sun, 10 Jul 2016 14:46:15 GMT] "GET /stylesheets/style.css HTTP/1.1" 304 - "http://localhost:3000/" "Mozilla/5.0 (Macintosh; Intel Mac OS X 10_11_5) AppleWebKit/537.36 (KHTML, like Gecko) Chrome/51.0.2704.103 Safari/537.36"
::1 - - [Sun, 10 Jul 2016 14:46:18 GMT] "GET /u/1/2016-7-10/1 HTTP/1.1" 200 1465 "http://localhost:3000/" "Mozilla/5.0 (Macintosh; Intel Mac OS X 10_11_5) AppleWebKit/537.36 (KHTML, like Gecko) Chrome/51.0.2704.103 Safari/537.36"
::1 - - [Sun, 10 Jul 2016 14:46:18 GMT] "GET /stylesheets/style.css HTTP/1.1" 304 - "http://localhost:3000/u/1/2016-7-10/1" "Mozilla/5.0 (Macintosh; Intel Mac OS X 10_11_5) AppleWebKit/537.36 (KHTML, like Gecko) Chrome/51.0.2704.103 Safari/537.36"
::1 - - [Sun, 10 Jul 2016 14:46:57 GMT] "GET /user HTTP/1.1" 304 - "-" "Mozilla/5.0 (Macintosh; Intel Mac OS X 10_11_5) AppleWebKit/537.36 (KHTML, like Gecko) Chrome/51.0.2704.103 Safari/537.36"
::1 - - [Sun, 10 Jul 2016 14:46:57 GMT] "GET /users HTTP/1.1" 200 207 "-" "Mozilla/5.0 (Macintosh; Intel Mac OS X 10_11_5) AppleWebKit/537.36 (KHTML, like Gecko) Chrome/51.0.2704.103 Safari/537.36"
::1 - - [Sun, 10 Jul 2016 14:52:09 GMT] "GET /users HTTP/1.1" - - "-" "Mozilla/5.0 (Macintosh; Intel Mac OS X 10_11_5) AppleWebKit/537.36 (KHTML, like Gecko) Chrome/51.0.2704.103 Safari/537.36"
::1 - - [Sun, 10 Jul 2016 14:54:09 GMT] "GET /users HTTP/1.1" - - "-" "Mozilla/5.0 (Macintosh; Intel Mac OS X 10_11_5) AppleWebKit/537.36 (KHTML, like Gecko) Chrome/51.0.2704.103 Safari/537.36"
::1 - - [Sun, 10 Jul 2016 14:56:09 GMT] "GET /users HTTP/1.1" - - "-" "Mozilla/5.0 (Macintosh; Intel Mac OS X 10_11_5) AppleWebKit/537.36 (KHTML, like Gecko) Chrome/51.0.2704.103 Safari/537.36"
::1 - - [Sun, 10 Jul 2016 14:58:09 GMT] "GET /users HTTP/1.1" - - "-" "Mozilla/5.0 (Macintosh; Intel Mac OS X 10_11_5) AppleWebKit/537.36 (KHTML, like Gecko) Chrome/51.0.2704.103 Safari/537.36"
